Unity Editor version:    2020.3.17f1 (a4537701e4ab)
Branch:                  2020.3/staging
Build type:              Release
Batch mode:              YES
macOS version:           Version 11.1 (Build 20C69)
Darwin version:          20.2.0
Architecture:            x86_64
Running under Rosetta:   YES
Available memory:        8192 MB
Using pre-set license
Pro License: NO

COMMAND LINE ARGUMENTS:
/Applications/Unity/Hub/Editor/2020.3.17f1/Unity.app/Contents/MacOS/Unity
-adb2
-batchMode
-noUpm
-name
AssetImportWorker0
-projectPath
/Users/thaisalvarenga/Documents/GitHub/HelloWorldRepo/Bonsai Garden
-logFile
Logs/AssetImportWorker0.log
-srvPort
57903
Successfully changed project path to: /Users/thaisalvarenga/Documents/GitHub/HelloWorldRepo/Bonsai Garden
/Users/thaisalvarenga/Documents/GitHub/HelloWorldRepo/Bonsai Garden
Using Asset Import Pipeline V2.
Refreshing native plugins compatible for Editor in 56.85 ms, found 2 plugins.
Preloading 0 native plugins for Editor in 0.00 ms.
Initialize engine version: 2020.3.17f1 (a4537701e4ab)
[Subsystems] Discovering subsystems at path /Applications/Unity/Hub/Editor/2020.3.17f1/Unity.app/Contents/Resources/UnitySubsystems
[Subsystems] Discovering subsystems at path /Users/thaisalvarenga/Documents/GitHub/HelloWorldRepo/Bonsai Garden/Assets
GfxDevice: creating device client; threaded=0
2021-09-06 14:01:38.441 Unity[8027:497085] (null) preferred device: Apple M1 (high power)
2021-09-06 14:01:38.441 Unity[8027:497085] Metal devices available: 1
2021-09-06 14:01:38.441 Unity[8027:497085] 0: Apple M1 (high power)
2021-09-06 14:01:38.442 Unity[8027:497085] Using device Apple M1 (high power)
Initializing Metal device caps: Apple M1
Initialize mono
Mono path[0] = '/Applications/Unity/Hub/Editor/2020.3.17f1/Unity.app/Contents/Managed'
Mono path[1] = '/Applications/Unity/Hub/Editor/2020.3.17f1/Unity.app/Contents/MonoBleedingEdge/lib/mono/unityjit'
Mono config path = '/Applications/Unity/Hub/Editor/2020.3.17f1/Unity.app/Contents/MonoBleedingEdge/etc'
Using monoOptions --debugger-agent=transport=dt_socket,embedding=1,server=y,suspend=n,address=127.0.0.1:56027
Begin MonoManager ReloadAssembly
Registering precompiled unity dll's ...
Register platform support module: /Applications/Unity/Hub/Editor/2020.3.17f1/Unity.app/Contents/PlaybackEngines/MacStandaloneSupport/UnityEditor.OSXStandalone.Extensions.dll
Registered in 0.002332 seconds.
Native extension for OSXStandalone target not found
Refreshing native plugins compatible for Editor in 54.72 ms, found 2 plugins.
Preloading 0 native plugins for Editor in 0.00 ms.
Mono: successfully reloaded assembly
- Completed reload, in  2.143 seconds
Domain Reload Profiling:
	ReloadAssembly (2143ms)
		BeginReloadAssembly (91ms)
			ExecutionOrderSort (0ms)
			DisableScriptedObjects (0ms)
			BackupInstance (0ms)
			ReleaseScriptingObjects (0ms)
			CreateAndSetChildDomain (3ms)
		EndReloadAssembly (963ms)
			LoadAssemblies (89ms)
			RebuildTransferFunctionScriptingTraits (0ms)
			SetupTypeCache (187ms)
			ReleaseScriptCaches (0ms)
			RebuildScriptCaches (47ms)
			SetupLoadedEditorAssemblies (560ms)
				LogAssemblyErrors (0ms)
				InitializePlatformSupportModulesInManaged (11ms)
				SetLoadedEditorAssemblies (1ms)
				RefreshPlugins (55ms)
				BeforeProcessingInitializeOnLoad (79ms)
				ProcessInitializeOnLoadAttributes (302ms)
				ProcessInitializeOnLoadMethodAttributes (111ms)
				AfterProcessingInitializeOnLoad (0ms)
				EditorAssembliesLoaded (1ms)
			ExecutionOrderSort2 (0ms)
			AwakeInstancesAfterBackupRestoration (0ms)
Platform modules already initialized, skipping
Registering precompiled user dll's ...
Registered in 0.010179 seconds.
Begin MonoManager ReloadAssembly
Native extension for OSXStandalone target not found
Refreshing native plugins compatible for Editor in 54.48 ms, found 2 plugins.
Preloading 0 native plugins for Editor in 0.00 ms.
Mono: successfully reloaded assembly
- Completed reload, in  2.733 seconds
Domain Reload Profiling:
	ReloadAssembly (2735ms)
		BeginReloadAssembly (280ms)
			ExecutionOrderSort (0ms)
			DisableScriptedObjects (30ms)
			BackupInstance (0ms)
			ReleaseScriptingObjects (0ms)
			CreateAndSetChildDomain (47ms)
		EndReloadAssembly (2354ms)
			LoadAssemblies (221ms)
			RebuildTransferFunctionScriptingTraits (0ms)
			SetupTypeCache (411ms)
			ReleaseScriptCaches (2ms)
			RebuildScriptCaches (65ms)
			SetupLoadedEditorAssemblies (1332ms)
				LogAssemblyErrors (0ms)
				InitializePlatformSupportModulesInManaged (11ms)
				SetLoadedEditorAssemblies (0ms)
				RefreshPlugins (55ms)
				BeforeProcessingInitializeOnLoad (199ms)
				ProcessInitializeOnLoadAttributes (1048ms)
				ProcessInitializeOnLoadMethodAttributes (17ms)
				AfterProcessingInitializeOnLoad (1ms)
				EditorAssembliesLoaded (0ms)
			ExecutionOrderSort2 (0ms)
			AwakeInstancesAfterBackupRestoration (32ms)
Platform modules already initialized, skipping
Validating Project structure ... 0.000413 seconds.
Shader import version has changed; will reimport all shaders...
Upgrading shader files ...0.000345 seconds.
Application.AssetDatabase Initial Script Refresh Start
RefreshInfo: InitialScriptRefreshV2(NoUpdateAssetOptions) scanfilter:  ... 1 filters
RefreshProfiler: Total: 0.000ms
Application.AssetDatabase Initial Script Refresh End
Application.AssetDatabase.Refresh Start
Application.AssetDatabase.Refresh End
RefreshInfo: StopAssetImportingV2(ForceSynchronousImport) scanfilter: 
RefreshProfiler: Total: 0.000ms
Launching external process: /Applications/Unity/Hub/Editor/2020.3.17f1/Unity.app/Contents/Tools/UnityShaderCompiler
Launched and connected shader compiler UnityShaderCompiler after 0.03 seconds
Initializing Unity extensions:
========================================================================
Worker process is ready to serve import requests
Refreshing native plugins compatible for Editor in 0.49 ms, found 2 plugins.
Preloading 0 native plugins for Editor in 0.00 ms.
Unloading 3150 Unused Serialized files (Serialized files now loaded: 0)
System memory in use before: 251.3 MB.
System memory in use after: 250.5 MB.

Unloading 133 unused Assets to reduce memory usage. Loaded Objects now: 3621.
Total: 3.022291 ms (FindLiveObjects: 0.214333 ms CreateObjectMapping: 0.070167 ms MarkObjects: 2.260583 ms  DeleteObjects: 0.476083 ms)

AssetImportParameters requested are different than current active one (requested -> active):
  custom:video-decoder-ogg-theora: a1e56fd34408186e4bbccfd4996cb3dc -> 
  custom:container-muxer-webm: aa71ff27fc2769a1b78a27578f13a17b -> 
  custom:container-demuxer-webm: 4f35f7cbe854078d1ac9338744f61a02 -> 
  custom:container-demuxer-ogg: 62fdf1f143b41e24485cea50d1cbac27 -> 
  custom:video-encoder-webm-vp8: eb34c28f22e8b96e1ab97ce403110664 -> 
  custom:framework-osx-AVFoundation: e770b220cccbd017edd2c1fefb359320 -> 
  custom:video-decoder-webm-vp8: 9c59270c3fd7afecdb556c50c9e8de78 -> 
  custom:audio-decoder-ogg-vorbis: bf7c407c2cedff20999df2af8eb42d56 -> 
  custom:audio-encoder-webm-vorbis: bf7c407c2cedff20999df2af8eb42d56 -> 
========================================================================
Received Import Request.
  path: Assets/Samples/Polybrush/1.0.2/UniversalRenderPipelineAsset.asset
  artifactKey: Guid(2d67457a1d4c9461fb6f035796ac5e0c) Importer(815301076,1909f56bfc062723c751e8b465ee728b)
Start importing Assets/Samples/Polybrush/1.0.2/UniversalRenderPipelineAsset.asset using Guid(2d67457a1d4c9461fb6f035796ac5e0c) Importer(815301076,1909f56bfc062723c751e8b465ee728b)  -> (artifact id: 'fb6c335c516815692ab81efb8b7f4149') in 0.513922 seconds 
  Import took 0.518711 seconds .

========================================================================
Received Import Request.
  Time since last request: 0.003396 seconds.
  path: Assets/Samples/Polybrush/1.0.2/UniversalRenderPipelineAsset_Renderer.asset
  artifactKey: Guid(dc5ee95983e9f412ea9823955b28a148) Importer(815301076,1909f56bfc062723c751e8b465ee728b)
Start importing Assets/Samples/Polybrush/1.0.2/UniversalRenderPipelineAsset_Renderer.asset using Guid(dc5ee95983e9f412ea9823955b28a148) Importer(815301076,1909f56bfc062723c751e8b465ee728b)  -> (artifact id: 'cb6e9cf18daaef9e6f7c4eee2d08dbf0') in 0.012149 seconds 
  Import took 0.016467 seconds .

========================================================================
Received Import Request.
  Time since last request: 5061.750661 seconds.
  path: Assets/Samples/Polybrush/1.0.2/Shader Examples (Universal RP)
  artifactKey: Guid(4f92536eda9424899b740ff878b0fc71) Importer(815301076,1909f56bfc062723c751e8b465ee728b)
Start importing Assets/Samples/Polybrush/1.0.2/Shader Examples (Universal RP) using Guid(4f92536eda9424899b740ff878b0fc71) Importer(815301076,1909f56bfc062723c751e8b465ee728b)  -> (artifact id: '5508c2ac8993f690e05d87eff7c89406') in 0.010847 seconds 
  Import took 0.154188 seconds .

========================================================================
Received Import Request.
  Time since last request: 0.759493 seconds.
  path: Assets/Samples/Polybrush/1.0.2/Shader Examples (Universal RP)/Shader
  artifactKey: Guid(fc88a32379efa1b4e81914cc7a28a35d) Importer(815301076,1909f56bfc062723c751e8b465ee728b)
Start importing Assets/Samples/Polybrush/1.0.2/Shader Examples (Universal RP)/Shader using Guid(fc88a32379efa1b4e81914cc7a28a35d) Importer(815301076,1909f56bfc062723c751e8b465ee728b)  -> (artifact id: '08016c2edc47bb08bc52e89252aed6a2') in 0.001423 seconds 
  Import took 0.007506 seconds .

========================================================================
Received Import Request.
  Time since last request: 0.653683 seconds.
  path: Assets/Samples/Polybrush/1.0.2/Shader Examples (Universal RP)/Shader/Lit Texture Blend URP.ShaderGraph
  artifactKey: Guid(083d37bf70610e043a0935fbe736a55f) Importer(815301076,1909f56bfc062723c751e8b465ee728b)
Start importing Assets/Samples/Polybrush/1.0.2/Shader Examples (Universal RP)/Shader/Lit Texture Blend URP.ShaderGraph using Guid(083d37bf70610e043a0935fbe736a55f) Importer(815301076,1909f56bfc062723c751e8b465ee728b)  -> (artifact id: '6ef3834130749a415977fa43090e8e8f') in 0.452411 seconds 
  Import took 0.458512 seconds .

========================================================================
Received Import Request.
  Time since last request: 292.188447 seconds.
  path: Assets/Samples/Polybrush
  artifactKey: Guid(88c34c132b2704d1a9a27a39fe5a343a) Importer(815301076,1909f56bfc062723c751e8b465ee728b)
Start importing Assets/Samples/Polybrush using Guid(88c34c132b2704d1a9a27a39fe5a343a) Importer(815301076,1909f56bfc062723c751e8b465ee728b)  -> (artifact id: '487dbe730a6259b2cf90a96d3a078f78') in 0.003909 seconds 
  Import took 0.043749 seconds .

