Unity Editor version:    2020.3.17f1 (a4537701e4ab)
Branch:                  2020.3/staging
Build type:              Release
Batch mode:              YES
macOS version:           Version 11.1 (Build 20C69)
Darwin version:          20.2.0
Architecture:            x86_64
Running under Rosetta:   YES
Available memory:        8192 MB
Using pre-set license
Pro License: NO

COMMAND LINE ARGUMENTS:
/Applications/Unity/Hub/Editor/2020.3.17f1/Unity.app/Contents/MacOS/Unity
-adb2
-batchMode
-noUpm
-name
AssetImportWorker0
-projectPath
/Users/thaisalvarenga/Documents/GitHub/AlternateRealities/BonsaiLab
-logFile
Logs/AssetImportWorker0.log
-srvPort
56171
Successfully changed project path to: /Users/thaisalvarenga/Documents/GitHub/AlternateRealities/BonsaiLab
/Users/thaisalvarenga/Documents/GitHub/AlternateRealities/BonsaiLab
Using Asset Import Pipeline V2.
Refreshing native plugins compatible for Editor in 57.05 ms, found 2 plugins.
Preloading 0 native plugins for Editor in 0.00 ms.
Initialize engine version: 2020.3.17f1 (a4537701e4ab)
[Subsystems] Discovering subsystems at path /Applications/Unity/Hub/Editor/2020.3.17f1/Unity.app/Contents/Resources/UnitySubsystems
[Subsystems] Discovering subsystems at path /Users/thaisalvarenga/Documents/GitHub/AlternateRealities/BonsaiLab/Assets
GfxDevice: creating device client; threaded=0
2021-09-11 00:54:30.874 Unity[20703:1339530] (null) preferred device: Apple M1 (high power)
2021-09-11 00:54:30.874 Unity[20703:1339530] Metal devices available: 1
2021-09-11 00:54:30.874 Unity[20703:1339530] 0: Apple M1 (high power)
2021-09-11 00:54:30.874 Unity[20703:1339530] Using device Apple M1 (high power)
Initializing Metal device caps: Apple M1
Initialize mono
Mono path[0] = '/Applications/Unity/Hub/Editor/2020.3.17f1/Unity.app/Contents/Managed'
Mono path[1] = '/Applications/Unity/Hub/Editor/2020.3.17f1/Unity.app/Contents/MonoBleedingEdge/lib/mono/unityjit'
Mono config path = '/Applications/Unity/Hub/Editor/2020.3.17f1/Unity.app/Contents/MonoBleedingEdge/etc'
Using monoOptions --debugger-agent=transport=dt_socket,embedding=1,server=y,suspend=n,address=127.0.0.1:56703
Begin MonoManager ReloadAssembly
Registering precompiled unity dll's ...
Register platform support module: /Applications/Unity/Hub/Editor/2020.3.17f1/Unity.app/Contents/PlaybackEngines/MacStandaloneSupport/UnityEditor.OSXStandalone.Extensions.dll
Registered in 0.002420 seconds.
Native extension for OSXStandalone target not found
Refreshing native plugins compatible for Editor in 51.88 ms, found 2 plugins.
Preloading 0 native plugins for Editor in 0.00 ms.
Mono: successfully reloaded assembly
- Completed reload, in  2.308 seconds
Domain Reload Profiling:
	ReloadAssembly (2308ms)
		BeginReloadAssembly (90ms)
			ExecutionOrderSort (0ms)
			DisableScriptedObjects (0ms)
			BackupInstance (0ms)
			ReleaseScriptingObjects (0ms)
			CreateAndSetChildDomain (3ms)
		EndReloadAssembly (929ms)
			LoadAssemblies (87ms)
			RebuildTransferFunctionScriptingTraits (0ms)
			SetupTypeCache (179ms)
			ReleaseScriptCaches (0ms)
			RebuildScriptCaches (44ms)
			SetupLoadedEditorAssemblies (551ms)
				LogAssemblyErrors (0ms)
				InitializePlatformSupportModulesInManaged (10ms)
				SetLoadedEditorAssemblies (0ms)
				RefreshPlugins (52ms)
				BeforeProcessingInitializeOnLoad (77ms)
				ProcessInitializeOnLoadAttributes (301ms)
				ProcessInitializeOnLoadMethodAttributes (110ms)
				AfterProcessingInitializeOnLoad (0ms)
				EditorAssembliesLoaded (1ms)
			ExecutionOrderSort2 (0ms)
			AwakeInstancesAfterBackupRestoration (0ms)
Platform modules already initialized, skipping
Registering precompiled user dll's ...
Registered in 0.005624 seconds.
Begin MonoManager ReloadAssembly
Native extension for OSXStandalone target not found
Refreshing native plugins compatible for Editor in 54.32 ms, found 2 plugins.
Preloading 0 native plugins for Editor in 0.00 ms.
Mono: successfully reloaded assembly
- Completed reload, in  2.678 seconds
Domain Reload Profiling:
	ReloadAssembly (2679ms)
		BeginReloadAssembly (266ms)
			ExecutionOrderSort (0ms)
			DisableScriptedObjects (29ms)
			BackupInstance (0ms)
			ReleaseScriptingObjects (0ms)
			CreateAndSetChildDomain (41ms)
		EndReloadAssembly (2319ms)
			LoadAssemblies (212ms)
			RebuildTransferFunctionScriptingTraits (0ms)
			SetupTypeCache (378ms)
			ReleaseScriptCaches (1ms)
			RebuildScriptCaches (64ms)
			SetupLoadedEditorAssemblies (1342ms)
				LogAssemblyErrors (0ms)
				InitializePlatformSupportModulesInManaged (11ms)
				SetLoadedEditorAssemblies (0ms)
				RefreshPlugins (54ms)
				BeforeProcessingInitializeOnLoad (202ms)
				ProcessInitializeOnLoadAttributes (1057ms)
				ProcessInitializeOnLoadMethodAttributes (16ms)
				AfterProcessingInitializeOnLoad (1ms)
				EditorAssembliesLoaded (0ms)
			ExecutionOrderSort2 (0ms)
			AwakeInstancesAfterBackupRestoration (31ms)
Platform modules already initialized, skipping
Validating Project structure ... 0.014681 seconds.
Shader import version has changed; will reimport all shaders...
Upgrading shader files ...0.016232 seconds.
Application.AssetDatabase Initial Script Refresh Start
RefreshInfo: InitialScriptRefreshV2(NoUpdateAssetOptions) scanfilter:  ... 1 filters
RefreshProfiler: Total: 0.000ms
Application.AssetDatabase Initial Script Refresh End
Application.AssetDatabase.Refresh Start
Application.AssetDatabase.Refresh End
RefreshInfo: StopAssetImportingV2(ForceSynchronousImport) scanfilter: 
RefreshProfiler: Total: 0.000ms
Launching external process: /Applications/Unity/Hub/Editor/2020.3.17f1/Unity.app/Contents/Tools/UnityShaderCompiler
Launched and connected shader compiler UnityShaderCompiler after 0.03 seconds
Initializing Unity extensions:
========================================================================
Worker process is ready to serve import requests
Refreshing native plugins compatible for Editor in 0.58 ms, found 2 plugins.
Preloading 0 native plugins for Editor in 0.00 ms.
Unloading 3258 Unused Serialized files (Serialized files now loaded: 0)
System memory in use before: 267.0 MB.
System memory in use after: 266.7 MB.

Unloading 131 unused Assets to reduce memory usage. Loaded Objects now: 3731.
Total: 2.806667 ms (FindLiveObjects: 0.217875 ms CreateObjectMapping: 0.072208 ms MarkObjects: 2.289750 ms  DeleteObjects: 0.225958 ms)

AssetImportParameters requested are different than current active one (requested -> active):
  custom:video-decoder-ogg-theora: a1e56fd34408186e4bbccfd4996cb3dc -> 
  custom:container-muxer-webm: aa71ff27fc2769a1b78a27578f13a17b -> 
  custom:container-demuxer-webm: 4f35f7cbe854078d1ac9338744f61a02 -> 
  custom:container-demuxer-ogg: 62fdf1f143b41e24485cea50d1cbac27 -> 
  custom:video-encoder-webm-vp8: eb34c28f22e8b96e1ab97ce403110664 -> 
  custom:framework-osx-AVFoundation: e770b220cccbd017edd2c1fefb359320 -> 
  custom:video-decoder-webm-vp8: 9c59270c3fd7afecdb556c50c9e8de78 -> 
  custom:audio-decoder-ogg-vorbis: bf7c407c2cedff20999df2af8eb42d56 -> 
  custom:audio-encoder-webm-vorbis: bf7c407c2cedff20999df2af8eb42d56 -> 
========================================================================
Received Import Request.
  path: Assets
  artifactKey: Guid(00000000000000001000000000000000) Importer(815301076,1909f56bfc062723c751e8b465ee728b)
Start importing Assets using Guid(00000000000000001000000000000000) Importer(815301076,1909f56bfc062723c751e8b465ee728b)  -> (artifact id: '42d402b061de3733987d63b9cc3b64de') in 0.009994 seconds 
  Import took 0.014428 seconds .

========================================================================
Received Import Request.
  Time since last request: 584.144784 seconds.
  path: Assets/Polybrush Data/Prefab Palette/New Prefab Palette.asset
  artifactKey: Guid(20e3b3c8cf62643d88f6aacfe1e56761) Importer(815301076,1909f56bfc062723c751e8b465ee728b)
Start importing Assets/Polybrush Data/Prefab Palette/New Prefab Palette.asset using Guid(20e3b3c8cf62643d88f6aacfe1e56761) Importer(815301076,1909f56bfc062723c751e8b465ee728b)  -> (artifact id: 'eb8dba4ead69d9d14a6446b676a7f0cb') in 0.604979 seconds 
  Import took 0.617862 seconds .

========================================================================
Received Import Request.
  Time since last request: 0.003266 seconds.
  path: Assets/Polybrush Data/Prefab Palette/PrefabPalette-Default.asset
  artifactKey: Guid(2c87c77f5307d4705a38779b10edd22b) Importer(815301076,1909f56bfc062723c751e8b465ee728b)
Start importing Assets/Polybrush Data/Prefab Palette/PrefabPalette-Default.asset using Guid(2c87c77f5307d4705a38779b10edd22b) Importer(815301076,1909f56bfc062723c751e8b465ee728b)  -> (artifact id: '4ec84caaf799b7ff4d076d206d37df6e') in 0.003231 seconds 
  Import took 0.007082 seconds .

========================================================================
Received Import Request.
  Time since last request: 2.000690 seconds.
  path: Assets/Polybrush Data/Brush Settings/BrushSettings-Default.asset
  artifactKey: Guid(b65d1c9b43d9f4e52a613ef8962e318f) Importer(815301076,1909f56bfc062723c751e8b465ee728b)
Start importing Assets/Polybrush Data/Brush Settings/BrushSettings-Default.asset using Guid(b65d1c9b43d9f4e52a613ef8962e318f) Importer(815301076,1909f56bfc062723c751e8b465ee728b)  -> (artifact id: '768f32c9bfc9f39e6c7a3f5ee55dd300') in 0.003548 seconds 
  Import took 0.008071 seconds .

========================================================================
Received Import Request.
  Time since last request: 32.953339 seconds.
  path: Assets/Low Poly Forest Pack/Prefabs/Plants/Grass
  artifactKey: Guid(73645fab2068d462286c1b6a896b4be7) Importer(815301076,1909f56bfc062723c751e8b465ee728b)
Start importing Assets/Low Poly Forest Pack/Prefabs/Plants/Grass using Guid(73645fab2068d462286c1b6a896b4be7) Importer(815301076,1909f56bfc062723c751e8b465ee728b)  -> (artifact id: '0d51facfa1c173b9408405c40372bbfd') in 0.001914 seconds 
  Import took 0.009516 seconds .

========================================================================
Received Import Request.
  Time since last request: 136.844276 seconds.
  path: Assets/Scenes/BonsaiLAB.unity
  artifactKey: Guid(20ba0b73bf37c4531b809fec60550277) Importer(815301076,1909f56bfc062723c751e8b465ee728b)
Start importing Assets/Scenes/BonsaiLAB.unity using Guid(20ba0b73bf37c4531b809fec60550277) Importer(815301076,1909f56bfc062723c751e8b465ee728b)  -> (artifact id: '74cd7a39bfe95ffc9ab056b706a0b3fc') in 0.003008 seconds 
  Import took 0.009868 seconds .

========================================================================
Received Import Request.
  Time since last request: 125.995703 seconds.
  path: Assets/Polybrush Data/Brush Settings/New Brush.asset
  artifactKey: Guid(ab50b57f9477d41ad85182ef752ace83) Importer(815301076,1909f56bfc062723c751e8b465ee728b)
Start importing Assets/Polybrush Data/Brush Settings/New Brush.asset using Guid(ab50b57f9477d41ad85182ef752ace83) Importer(815301076,1909f56bfc062723c751e8b465ee728b)  -> (artifact id: '8392b972bc61b2ef107c93875b2b0373') in 0.003446 seconds 
  Import took 0.008162 seconds .

========================================================================
Received Import Request.
  Time since last request: 297.954642 seconds.
  path: Assets/Materials/BonsaiSkybox.mat
  artifactKey: Guid(fb470e8fcedca4df4a5613089cf0211e) Importer(815301076,1909f56bfc062723c751e8b465ee728b)
Start importing Assets/Materials/BonsaiSkybox.mat using Guid(fb470e8fcedca4df4a5613089cf0211e) Importer(815301076,1909f56bfc062723c751e8b465ee728b)  -> (artifact id: 'aef736b083802844891a0450d8ab768b') in 1.085556 seconds 
  Import took 1.101692 seconds .

========================================================================
Received Import Request.
  Time since last request: 417.558364 seconds.
  path: Assets/Materials/BonsaiSkybox.mat
  artifactKey: Guid(fb470e8fcedca4df4a5613089cf0211e) Importer(815301076,1909f56bfc062723c751e8b465ee728b)
Start importing Assets/Materials/BonsaiSkybox.mat using Guid(fb470e8fcedca4df4a5613089cf0211e) Importer(815301076,1909f56bfc062723c751e8b465ee728b)  -> (artifact id: '9f2d557a4c95bfe3a740f3a5b213707b') in 0.109495 seconds 
  Import took 0.125940 seconds .

